# JRE version: Java(TM) SE Runtime Environment (8.0_66-b17) (build 1.8.0_66-b17)
# Java VM: Java HotSpot(TM) 64-Bit Server VM (25.66-b17 mixed mode linux-amd64 compressed oops)
Heap:
 PSYoungGen      total 172032K, used 10736K [0x00000000eab00000, 0x00000000f9000000, 0x0000000100000000)
  eden space 161280K, 0% used [0x00000000eab00000,0x00000000eab00000,0x00000000f4880000)
  from space 10752K, 99% used [0x00000000f5800000,0x00000000f627c010,0x00000000f6280000)
  to   space 15872K, 0% used [0x00000000f4880000,0x00000000f4880000,0x00000000f5800000)
 ParOldGen       total 57344K, used 19230K [0x00000000c0000000, 0x00000000c3800000, 0x00000000eab00000)
  object space 57344K, 33% used [0x00000000c0000000,0x00000000c12c7920,0x00000000c3800000)
 Metaspace       used 34599K, capacity 35464K, committed 35496K, reserved 1079296K
  class space    used 4708K, capacity 4912K, committed 4912K, reserved 1048576K
GC Heap History (10 events):
Event: 2.365 GC heap after
Heap after GC invocations=5 (full 0):
 PSYoungGen      total 70656K, used 5104K [0x00000000eab00000, 0x00000000f3e00000, 0x0000000100000000)
  eden space 65536K, 0% used [0x00000000eab00000,0x00000000eab00000,0x00000000eeb00000)
  from space 5120K, 99% used [0x00000000eeb00000,0x00000000eeffc0a0,0x00000000ef000000)
  to   space 9728K, 0% used [0x00000000f3480000,0x00000000f3480000,0x00000000f3e00000)
 ParOldGen       total 86016K, used 10424K [0x00000000c0000000, 0x00000000c5400000, 0x00000000eab00000)
  object space 86016K, 12% used [0x00000000c0000000,0x00000000c0a2e1e0,0x00000000c5400000)
 Metaspace       used 20980K, capacity 21252K, committed 21296K, reserved 1067008K
  class space    used 2733K, capacity 2839K, committed 2864K, reserved 1048576K
}
Event: 2.365 GC heap before
{Heap before GC invocations=6 (full 1):
 PSYoungGen      total 70656K, used 5104K [0x00000000eab00000, 0x00000000f3e00000, 0x0000000100000000)
  eden space 65536K, 0% used [0x00000000eab00000,0x00000000eab00000,0x00000000eeb00000)
  from space 5120K, 99% used [0x00000000eeb00000,0x00000000eeffc0a0,0x00000000ef000000)
  to   space 9728K, 0% used [0x00000000f3480000,0x00000000f3480000,0x00000000f3e00000)
 ParOldGen       total 86016K, used 10424K [0x00000000c0000000, 0x00000000c5400000, 0x00000000eab00000)
  object space 86016K, 12% used [0x00000000c0000000,0x00000000c0a2e1e0,0x00000000c5400000)
 Metaspace       used 20980K, capacity 21252K, committed 21296K, reserved 1067008K
  class space    used 2733K, capacity 2839K, committed 2864K, reserved 1048576K
Event: 2.406 GC heap after
Heap after GC invocations=6 (full 1):
 PSYoungGen      total 70656K, used 0K [0x00000000eab00000, 0x00000000f3e00000, 0x0000000100000000)
  eden space 65536K, 0% used [0x00000000eab00000,0x00000000eab00000,0x00000000eeb00000)
  from space 5120K, 0% used [0x00000000eeb00000,0x00000000eeb00000,0x00000000ef000000)
  to   space 9728K, 0% used [0x00000000f3480000,0x00000000f3480000,0x00000000f3e00000)
 ParOldGen       total 57344K, used 8786K [0x00000000c0000000, 0x00000000c3800000, 0x00000000eab00000)
  object space 57344K, 15% used [0x00000000c0000000,0x00000000c0894a68,0x00000000c3800000)
 Metaspace       used 20968K, capacity 21236K, committed 21296K, reserved 1067008K
  class space    used 2729K, capacity 2835K, committed 2864K, reserved 1048576K
}
Event: 3.479 GC heap before
{Heap before GC invocations=7 (full 1):
 PSYoungGen      total 70656K, used 65536K [0x00000000eab00000, 0x00000000f3e00000, 0x0000000100000000)
  eden space 65536K, 100% used [0x00000000eab00000,0x00000000eeb00000,0x00000000eeb00000)
  from space 5120K, 0% used [0x00000000eeb00000,0x00000000eeb00000,0x00000000ef000000)
  to   space 9728K, 0% used [0x00000000f3480000,0x00000000f3480000,0x00000000f3e00000)
 ParOldGen       total 57344K, used 8786K [0x00000000c0000000, 0x00000000c3800000, 0x00000000eab00000)
  object space 57344K, 15% used [0x00000000c0000000,0x00000000c0894a68,0x00000000c3800000)
 Metaspace       used 26375K, capacity 26780K, committed 27056K, reserved 1073152K
  class space    used 3584K, capacity 3742K, committed 3760K, reserved 1048576K
Event: 3.486 GC heap after
Heap after GC invocations=7 (full 1):
 PSYoungGen      total 111616K, used 6931K [0x00000000eab00000, 0x00000000f3b80000, 0x0000000100000000)
  eden space 104448K, 0% used [0x00000000eab00000,0x00000000eab00000,0x00000000f1100000)
  from space 7168K, 96% used [0x00000000f3480000,0x00000000f3b44d78,0x00000000f3b80000)
  to   space 9216K, 0% used [0x00000000f2980000,0x00000000f2980000,0x00000000f3280000)
 ParOldGen       total 57344K, used 8794K [0x00000000c0000000, 0x00000000c3800000, 0x00000000eab00000)
  object space 57344K, 15% used [0x00000000c0000000,0x00000000c0896a68,0x00000000c3800000)
 Metaspace       used 26375K, capacity 26780K, committed 27056K, reserved 1073152K
  class space    used 3584K, capacity 3742K, committed 3760K, reserved 1048576K
}
Event: 4.596 GC heap before
{Heap before GC invocations=8 (full 1):
 PSYoungGen      total 111616K, used 111379K [0x00000000eab00000, 0x00000000f3b80000, 0x0000000100000000)
  eden space 104448K, 100% used [0x00000000eab00000,0x00000000f1100000,0x00000000f1100000)
  from space 7168K, 96% used [0x00000000f3480000,0x00000000f3b44d78,0x00000000f3b80000)
  to   space 9216K, 0% used [0x00000000f2980000,0x00000000f2980000,0x00000000f3280000)
 ParOldGen       total 57344K, used 8794K [0x00000000c0000000, 0x00000000c3800000, 0x00000000eab00000)
  object space 57344K, 15% used [0x00000000c0000000,0x00000000c0896a68,0x00000000c3800000)
 Metaspace       used 28941K, capacity 29462K, committed 29616K, reserved 1075200K
  class space    used 3986K, capacity 4163K, committed 4272K, reserved 1048576K
Event: 4.624 GC heap after
Heap after GC invocations=8 (full 1):
 PSYoungGen      total 138752K, used 9204K [0x00000000eab00000, 0x00000000f6280000, 0x0000000100000000)
  eden space 129536K, 0% used [0x00000000eab00000,0x00000000eab00000,0x00000000f2980000)
  from space 9216K, 99% used [0x00000000f2980000,0x00000000f327d010,0x00000000f3280000)
  to   space 10752K, 0% used [0x00000000f5800000,0x00000000f5800000,0x00000000f6280000)
 ParOldGen       total 57344K, used 10275K [0x00000000c0000000, 0x00000000c3800000, 0x00000000eab00000)
  object space 57344K, 17% used [0x00000000c0000000,0x00000000c0a08d08,0x00000000c3800000)
 Metaspace       used 28941K, capacity 29462K, committed 29616K, reserved 1075200K
  class space    used 3986K, capacity 4163K, committed 4272K, reserved 1048576K
}
Event: 6.611 GC heap before
{Heap before GC invocations=9 (full 1):
 PSYoungGen      total 138752K, used 120584K [0x00000000eab00000, 0x00000000f6280000, 0x0000000100000000)
  eden space 129536K, 85% used [0x00000000eab00000,0x00000000f17c50f0,0x00000000f2980000)
  from space 9216K, 99% used [0x00000000f2980000,0x00000000f327d010,0x00000000f3280000)
  to   space 10752K, 0% used [0x00000000f5800000,0x00000000f5800000,0x00000000f6280000)
 ParOldGen       total 57344K, used 10275K [0x00000000c0000000, 0x00000000c3800000, 0x00000000eab00000)
  object space 57344K, 17% used [0x00000000c0000000,0x00000000c0a08d08,0x00000000c3800000)
 Metaspace       used 34599K, capacity 35464K, committed 35496K, reserved 1079296K
  class space    used 4708K, capacity 4912K, committed 4912K, reserved 1048576K
Event: 6.641 GC heap after
Heap after GC invocations=9 (full 1):
 PSYoungGen      total 172032K, used 10736K [0x00000000eab00000, 0x00000000f9000000, 0x0000000100000000)
  eden space 161280K, 0% used [0x00000000eab00000,0x00000000eab00000,0x00000000f4880000)
  from space 10752K, 99% used [0x00000000f5800000,0x00000000f627c010,0x00000000f6280000)
  to   space 15872K, 0% used [0x00000000f4880000,0x00000000f4880000,0x00000000f5800000)
 ParOldGen       total 57344K, used 19230K [0x00000000c0000000, 0x00000000c3800000, 0x00000000eab00000)
  object space 57344K, 33% used [0x00000000c0000000,0x00000000c12c7920,0x00000000c3800000)
 Metaspace       used 34599K, capacity 35464K, committed 35496K, reserved 1079296K
  class space    used 4708K, capacity 4912K, committed 4912K, reserved 1048576K
}
Event: 6.641 GC heap before
{Heap before GC invocations=10 (full 2):
 PSYoungGen      total 172032K, used 10736K [0x00000000eab00000, 0x00000000f9000000, 0x0000000100000000)
  eden space 161280K, 0% used [0x00000000eab00000,0x00000000eab00000,0x00000000f4880000)
  from space 10752K, 99% used [0x00000000f5800000,0x00000000f627c010,0x00000000f6280000)
  to   space 15872K, 0% used [0x00000000f4880000,0x00000000f4880000,0x00000000f5800000)
 ParOldGen       total 57344K, used 19230K [0x00000000c0000000, 0x00000000c3800000, 0x00000000eab00000)
  object space 57344K, 33% used [0x00000000c0000000,0x00000000c12c7920,0x00000000c3800000)
 Metaspace       used 34599K, capacity 35464K, committed 35496K, reserved 1079296K
  class space    used 4708K, capacity 4912K, committed 4912K, reserved 1048576K

